<?xml version="1.0" encoding="UTF-8"?>
<!-- Generated by org.testng.reporters.JUnitXMLReporter -->
<testsuite hostname="Mayank" ignored="0" name="Test" tests="7" failures="0" timestamp="2022-04-05T11:35:51 IST" time="5.184" errors="0">
  <testcase name="TestPUT" time="2.456" classname="http.Put"/>
  <testcase name="TestPatch" time="0.438" classname="http.Patch"/>
  <testcase name="test01" time="0.49" classname="http.Post"/>
  <testcase name="TestDelete" time="0.453" classname="http.Delete"/>
  <testcase name="test01" time="0.198" classname="http.Get"/>
  <testcase name="test02" time="0.903" classname="http.Get"/>
  <testcase name="Get_Test" time="0.196" classname="http.Get"/>
</testsuite> <!-- Test -->
