<?xml version="1.0" encoding="UTF-8"?>
<testng-results skipped="0" failed="0" ignored="0" total="1" passed="1">
  <reporter-output>
  </reporter-output>
  <suite name="Default suite" duration-ms="2136" started-at="2022-04-05T11:26:06 IST" finished-at="2022-04-05T11:26:08 IST">
    <groups>
    </groups>
    <test name="Default test" duration-ms="2136" started-at="2022-04-05T11:26:06 IST" finished-at="2022-04-05T11:26:08 IST">
      <class name="http.Delete">
        <test-method status="PASS" signature="TestDelete()[pri:0, instance:http.Delete@480bdb19]" name="TestDelete" duration-ms="2100" started-at="2022-04-05T11:26:06 IST" finished-at="2022-04-05T11:26:08 IST">
          <reporter-output>
          </reporter-output>
        </test-method> <!-- TestDelete -->
      </class> <!-- http.Delete -->
    </test> <!-- Default test -->
  </suite> <!-- Default suite -->
</testng-results>
